<?xml version="1.0" encoding="UTF-8"?>
<testng-results ignored="0" total="1" passed="1" failed="0" skipped="0">
  <reporter-output>
  </reporter-output>
  <suite started-at="2021-06-29T18:31:54 IST" name="Default suite" finished-at="2021-06-29T18:31:56 IST" duration-ms="1596">
    <groups>
    </groups>
    <test started-at="2021-06-29T18:31:54 IST" name="Default test" finished-at="2021-06-29T18:31:56 IST" duration-ms="1596">
      <class name="com.testcases.writeexceltest">
        <test-method signature="writetest()[pri:0, instance:com.testcases.writeexceltest@696da30b]" started-at="2021-06-29T18:31:54 IST" name="writetest" finished-at="2021-06-29T18:31:56 IST" duration-ms="1514" status="PASS">
          <reporter-output>
          </reporter-output>
        </test-method> <!-- writetest -->
      </class> <!-- com.testcases.writeexceltest -->
    </test> <!-- Default test -->
  </suite> <!-- Default suite -->
</testng-results>
